19.09.2023 06:44:35\nFile: C:\OSPanel\domains\TMRT\db.php\nLine: 18\nError Code: 2002\nError: SQLSTATE[HY000] [2002] Подключение не установлено, т.к. конечный компьютер отверг запрос на подключение\nTrace: #0 C:\OSPanel\domains\TMRT\db.php(18): PDO->__construct()
#1 C:\OSPanel\domains\TMRT\category.php(5): include_once('C:\\OSPanel\\doma...')
#2 {main}\n19.09.2023 06:48:53\nFile: C:\OSPanel\domains\TMRT\db.php\nLine: 18\nError Code: 2002\nError: SQLSTATE[HY000] [2002] Подключение не установлено, т.к. конечный компьютер отверг запрос на подключение\nTrace: #0 C:\OSPanel\domains\TMRT\db.php(18): PDO->__construct()
#1 C:\OSPanel\domains\TMRT\category.php(5): include_once('C:\\OSPanel\\doma...')
#2 {main}\n20.09.2023 06:17:25\nFile: C:\OSPanel\domains\TMRT\db.php\nLine: 18\nError Code: 2002\nError: SQLSTATE[HY000] [2002] Подключение не установлено, т.к. конечный компьютер отверг запрос на подключение\nTrace: #0 C:\OSPanel\domains\TMRT\db.php(18): PDO->__construct()
#1 C:\OSPanel\domains\TMRT\index.php(6): include_once('C:\\OSPanel\\doma...')
#2 {main}\n20.09.2023 06:18:53\nFile: C:\OSPanel\domains\TMRT\db.php\nLine: 18\nError Code: 2002\nError: SQLSTATE[HY000] [2002] Подключение не установлено, т.к. конечный компьютер отверг запрос на подключение\nTrace: #0 C:\OSPanel\domains\TMRT\db.php(18): PDO->__construct()
#1 C:\OSPanel\domains\TMRT\index.php(6): include_once('C:\\OSPanel\\doma...')
#2 {main}\n20.09.2023 06:19:12\nFile: C:\OSPanel\domains\TMRT\db.php\nLine: 18\nError Code: 2002\nError: SQLSTATE[HY000] [2002] Подключение не установлено, т.к. конечный компьютер отверг запрос на подключение\nTrace: #0 C:\OSPanel\domains\TMRT\db.php(18): PDO->__construct()
#1 C:\OSPanel\domains\TMRT\category.php(5): include_once('C:\\OSPanel\\doma...')
#2 {main}\n20.09.2023 06:19:17\nFile: C:\OSPanel\domains\TMRT\db.php\nLine: 18\nError Code: 2002\nError: SQLSTATE[HY000] [2002] Подключение не установлено, т.к. конечный компьютер отверг запрос на подключение\nTrace: #0 C:\OSPanel\domains\TMRT\db.php(18): PDO->__construct()
#1 C:\OSPanel\domains\TMRT\category.php(5): include_once('C:\\OSPanel\\doma...')
#2 {main}\n20.09.2023 06:24:38\nFile: C:\OSPanel\domains\TMRT\db.php\nLine: 18\nError Code: 2002\nError: SQLSTATE[HY000] [2002] Подключение не установлено, т.к. конечный компьютер отверг запрос на подключение\nTrace: #0 C:\OSPanel\domains\TMRT\db.php(18): PDO->__construct()
#1 C:\OSPanel\domains\TMRT\index.php(6): include_once('C:\\OSPanel\\doma...')
#2 {main}\n24.09.2023 18:16:56\nFile: C:\OSPanel\domains\TMRT\db.php\nLine: 18\nError Code: 2002\nError: SQLSTATE[HY000] [2002] Подключение не установлено, т.к. конечный компьютер отверг запрос на подключение\nTrace: #0 C:\OSPanel\domains\TMRT\db.php(18): PDO->__construct()
#1 C:\OSPanel\domains\TMRT\index.php(6): include_once('C:\\OSPanel\\doma...')
#2 {main}\n24.09.2023 18:17:39\nFile: C:\OSPanel\domains\TMRT\db.php\nLine: 18\nError Code: 2002\nError: SQLSTATE[HY000] [2002] Подключение не установлено, т.к. конечный компьютер отверг запрос на подключение\nTrace: #0 C:\OSPanel\domains\TMRT\db.php(18): PDO->__construct()
#1 C:\OSPanel\domains\TMRT\login.php(10): include_once('C:\\OSPanel\\doma...')
#2 {main}\n24.09.2023 18:17:54\nFile: C:\OSPanel\domains\TMRT\db.php\nLine: 18\nError Code: 2002\nError: SQLSTATE[HY000] [2002] Подключение не установлено, т.к. конечный компьютер отверг запрос на подключение\nTrace: #0 C:\OSPanel\domains\TMRT\db.php(18): PDO->__construct()
#1 C:\OSPanel\domains\TMRT\auth.php(4): include_once('C:\\OSPanel\\doma...')
#2 {main}\n24.09.2023 18:17:56\nFile: C:\OSPanel\domains\TMRT\db.php\nLine: 18\nError Code: 2002\nError: SQLSTATE[HY000] [2002] Подключение не установлено, т.к. конечный компьютер отверг запрос на подключение\nTrace: #0 C:\OSPanel\domains\TMRT\db.php(18): PDO->__construct()
#1 C:\OSPanel\domains\TMRT\auth.php(4): include_once('C:\\OSPanel\\doma...')
#2 {main}\n24.09.2023 18:17:56\nFile: C:\OSPanel\domains\TMRT\db.php\nLine: 18\nError Code: 2002\nError: SQLSTATE[HY000] [2002] Подключение не установлено, т.к. конечный компьютер отверг запрос на подключение\nTrace: #0 C:\OSPanel\domains\TMRT\db.php(18): PDO->__construct()
#1 C:\OSPanel\domains\TMRT\auth.php(4): include_once('C:\\OSPanel\\doma...')
#2 {main}\n24.09.2023 18:17:57\nFile: C:\OSPanel\domains\TMRT\db.php\nLine: 18\nError Code: 2002\nError: SQLSTATE[HY000] [2002] Подключение не установлено, т.к. конечный компьютер отверг запрос на подключение\nTrace: #0 C:\OSPanel\domains\TMRT\db.php(18): PDO->__construct()
#1 C:\OSPanel\domains\TMRT\auth.php(4): include_once('C:\\OSPanel\\doma...')
#2 {main}\n24.09.2023 18:17:57\nFile: C:\OSPanel\domains\TMRT\db.php\nLine: 18\nError Code: 2002\nError: SQLSTATE[HY000] [2002] Подключение не установлено, т.к. конечный компьютер отверг запрос на подключение\nTrace: #0 C:\OSPanel\domains\TMRT\db.php(18): PDO->__construct()
#1 C:\OSPanel\domains\TMRT\auth.php(4): include_once('C:\\OSPanel\\doma...')
#2 {main}\n24.09.2023 18:17:57\nFile: C:\OSPanel\domains\TMRT\db.php\nLine: 18\nError Code: 2002\nError: SQLSTATE[HY000] [2002] Подключение не установлено, т.к. конечный компьютер отверг запрос на подключение\nTrace: #0 C:\OSPanel\domains\TMRT\db.php(18): PDO->__construct()
#1 C:\OSPanel\domains\TMRT\auth.php(4): include_once('C:\\OSPanel\\doma...')
#2 {main}\n24.09.2023 18:17:57\nFile: C:\OSPanel\domains\TMRT\db.php\nLine: 18\nError Code: 2002\nError: SQLSTATE[HY000] [2002] Подключение не установлено, т.к. конечный компьютер отверг запрос на подключение\nTrace: #0 C:\OSPanel\domains\TMRT\db.php(18): PDO->__construct()
#1 C:\OSPanel\domains\TMRT\auth.php(4): include_once('C:\\OSPanel\\doma...')
#2 {main}\n24.09.2023 18:17:57\nFile: C:\OSPanel\domains\TMRT\db.php\nLine: 18\nError Code: 2002\nError: SQLSTATE[HY000] [2002] Подключение не установлено, т.к. конечный компьютер отверг запрос на подключение\nTrace: #0 C:\OSPanel\domains\TMRT\db.php(18): PDO->__construct()
#1 C:\OSPanel\domains\TMRT\auth.php(4): include_once('C:\\OSPanel\\doma...')
#2 {main}\n24.09.2023 19:06:19\nFile: C:\OSPanel\domains\TMRT\db.php\nLine: 18\nError Code: 2002\nError: SQLSTATE[HY000] [2002] Подключение не установлено, т.к. конечный компьютер отверг запрос на подключение\nTrace: #0 C:\OSPanel\domains\TMRT\db.php(18): PDO->__construct()
#1 C:\OSPanel\domains\TMRT\auth.php(4): include_once('C:\\OSPanel\\doma...')
#2 {main}\n24.09.2023 19:07:27\nFile: C:\OSPanel\domains\TMRT\db.php\nLine: 18\nError Code: 2002\nError: SQLSTATE[HY000] [2002] Подключение не установлено, т.к. конечный компьютер отверг запрос на подключение\nTrace: #0 C:\OSPanel\domains\TMRT\db.php(18): PDO->__construct()
#1 C:\OSPanel\domains\TMRT\index.php(6): include_once('C:\\OSPanel\\doma...')
#2 {main}\n24.09.2023 19:08:57\nFile: C:\OSPanel\domains\TMRT\db.php\nLine: 18\nError Code: 2002\nError: SQLSTATE[HY000] [2002] Подключение не установлено, т.к. конечный компьютер отверг запрос на подключение\nTrace: #0 C:\OSPanel\domains\TMRT\db.php(18): PDO->__construct()
#1 C:\OSPanel\domains\TMRT\auth.php(4): include_once('C:\\OSPanel\\doma...')
#2 {main}\n24.09.2023 19:09:01\nFile: C:\OSPanel\domains\TMRT\db.php\nLine: 18\nError Code: 2002\nError: SQLSTATE[HY000] [2002] Подключение не установлено, т.к. конечный компьютер отверг запрос на подключение\nTrace: #0 C:\OSPanel\domains\TMRT\db.php(18): PDO->__construct()
#1 C:\OSPanel\domains\TMRT\login.php(10): include_once('C:\\OSPanel\\doma...')
#2 {main}\n24.09.2023 19:09:42\nFile: C:\OSPanel\domains\TMRT\db.php\nLine: 18\nError Code: 2002\nError: SQLSTATE[HY000] [2002] Подключение не установлено, т.к. конечный компьютер отверг запрос на подключение\nTrace: #0 C:\OSPanel\domains\TMRT\db.php(18): PDO->__construct()
#1 C:\OSPanel\domains\TMRT\auth.php(4): include_once('C:\\OSPanel\\doma...')
#2 {main}\n24.09.2023 19:11:09\nFile: C:\OSPanel\domains\TMRT\db.php\nLine: 18\nError Code: 2002\nError: SQLSTATE[HY000] [2002] Подключение не установлено, т.к. конечный компьютер отверг запрос на подключение\nTrace: #0 C:\OSPanel\domains\TMRT\db.php(18): PDO->__construct()
#1 C:\OSPanel\domains\TMRT\auth.php(4): include_once('C:\\OSPanel\\doma...')
#2 {main}\n24.09.2023 19:12:15\nFile: C:\OSPanel\domains\TMRT\db.php\nLine: 18\nError Code: 2002\nError: SQLSTATE[HY000] [2002] Подключение не установлено, т.к. конечный компьютер отверг запрос на подключение\nTrace: #0 C:\OSPanel\domains\TMRT\db.php(18): PDO->__construct()
#1 C:\OSPanel\domains\TMRT\auth.php(4): include_once('C:\\OSPanel\\doma...')
#2 {main}\n24.09.2023 19:12:18\nFile: C:\OSPanel\domains\TMRT\db.php\nLine: 18\nError Code: 2002\nError: SQLSTATE[HY000] [2002] Подключение не установлено, т.к. конечный компьютер отверг запрос на подключение\nTrace: #0 C:\OSPanel\domains\TMRT\db.php(18): PDO->__construct()
#1 C:\OSPanel\domains\TMRT\login.php(10): include_once('C:\\OSPanel\\doma...')
#2 {main}\n24.09.2023 19:12:23\nFile: C:\OSPanel\domains\TMRT\db.php\nLine: 18\nError Code: 2002\nError: SQLSTATE[HY000] [2002] Подключение не установлено, т.к. конечный компьютер отверг запрос на подключение\nTrace: #0 C:\OSPanel\domains\TMRT\db.php(18): PDO->__construct()
#1 C:\OSPanel\domains\TMRT\login.php(10): include_once('C:\\OSPanel\\doma...')
#2 {main}\n24.09.2023 19:15:08\nFile: C:\OSPanel\domains\TMRT\db.php\nLine: 18\nError Code: 2002\nError: SQLSTATE[HY000] [2002] Подключение не установлено, т.к. конечный компьютер отверг запрос на подключение\nTrace: #0 C:\OSPanel\domains\TMRT\db.php(18): PDO->__construct()
#1 C:\OSPanel\domains\TMRT\login.php(10): include_once('C:\\OSPanel\\doma...')
#2 {main}\n24.09.2023 19:15:26\nFile: C:\OSPanel\domains\TMRT\db.php\nLine: 18\nError Code: 2002\nError: SQLSTATE[HY000] [2002] Подключение не установлено, т.к. конечный компьютер отверг запрос на подключение\nTrace: #0 C:\OSPanel\domains\TMRT\db.php(18): PDO->__construct()
#1 C:\OSPanel\domains\TMRT\auth.php(4): include_once('C:\\OSPanel\\doma...')
#2 {main}\n24.09.2023 19:16:16\nFile: C:\OSPanel\domains\TMRT\db.php\nLine: 18\nError Code: 2002\nError: SQLSTATE[HY000] [2002] Подключение не установлено, т.к. конечный компьютер отверг запрос на подключение\nTrace: #0 C:\OSPanel\domains\TMRT\db.php(18): PDO->__construct()
#1 C:\OSPanel\domains\TMRT\auth.php(4): include_once('C:\\OSPanel\\doma...')
#2 {main}\n24.09.2023 19:16:23\nFile: C:\OSPanel\domains\TMRT\db.php\nLine: 18\nError Code: 2002\nError: SQLSTATE[HY000] [2002] Подключение не установлено, т.к. конечный компьютер отверг запрос на подключение\nTrace: #0 C:\OSPanel\domains\TMRT\db.php(18): PDO->__construct()
#1 C:\OSPanel\domains\TMRT\login.php(10): include_once('C:\\OSPanel\\doma...')
#2 {main}\n24.09.2023 19:16:27\nFile: C:\OSPanel\domains\TMRT\db.php\nLine: 18\nError Code: 2002\nError: SQLSTATE[HY000] [2002] Подключение не установлено, т.к. конечный компьютер отверг запрос на подключение\nTrace: #0 C:\OSPanel\domains\TMRT\db.php(18): PDO->__construct()
#1 C:\OSPanel\domains\TMRT\login.php(10): include_once('C:\\OSPanel\\doma...')
#2 {main}\n24.09.2023 19:16:41\nFile: C:\OSPanel\domains\TMRT\db.php\nLine: 18\nError Code: 2002\nError: SQLSTATE[HY000] [2002] Подключение не установлено, т.к. конечный компьютер отверг запрос на подключение\nTrace: #0 C:\OSPanel\domains\TMRT\db.php(18): PDO->__construct()
#1 C:\OSPanel\domains\TMRT\auth.php(4): include_once('C:\\OSPanel\\doma...')
#2 {main}\n24.09.2023 19:16:44\nFile: C:\OSPanel\domains\TMRT\db.php\nLine: 18\nError Code: 2002\nError: SQLSTATE[HY000] [2002] Подключение не установлено, т.к. конечный компьютер отверг запрос на подключение\nTrace: #0 C:\OSPanel\domains\TMRT\db.php(18): PDO->__construct()
#1 C:\OSPanel\domains\TMRT\auth.php(4): include_once('C:\\OSPanel\\doma...')
#2 {main}\n24.09.2023 19:16:44\nFile: C:\OSPanel\domains\TMRT\db.php\nLine: 18\nError Code: 2002\nError: SQLSTATE[HY000] [2002] Подключение не установлено, т.к. конечный компьютер отверг запрос на подключение\nTrace: #0 C:\OSPanel\domains\TMRT\db.php(18): PDO->__construct()
#1 C:\OSPanel\domains\TMRT\auth.php(4): include_once('C:\\OSPanel\\doma...')
#2 {main}\n24.09.2023 19:16:45\nFile: C:\OSPanel\domains\TMRT\db.php\nLine: 18\nError Code: 2002\nError: SQLSTATE[HY000] [2002] Подключение не установлено, т.к. конечный компьютер отверг запрос на подключение\nTrace: #0 C:\OSPanel\domains\TMRT\db.php(18): PDO->__construct()
#1 C:\OSPanel\domains\TMRT\auth.php(4): include_once('C:\\OSPanel\\doma...')
#2 {main}\n24.09.2023 19:16:45\nFile: C:\OSPanel\domains\TMRT\db.php\nLine: 18\nError Code: 2002\nError: SQLSTATE[HY000] [2002] Подключение не установлено, т.к. конечный компьютер отверг запрос на подключение\nTrace: #0 C:\OSPanel\domains\TMRT\db.php(18): PDO->__construct()
#1 C:\OSPanel\domains\TMRT\auth.php(4): include_once('C:\\OSPanel\\doma...')
#2 {main}\n24.09.2023 19:16:45\nFile: C:\OSPanel\domains\TMRT\db.php\nLine: 18\nError Code: 2002\nError: SQLSTATE[HY000] [2002] Подключение не установлено, т.к. конечный компьютер отверг запрос на подключение\nTrace: #0 C:\OSPanel\domains\TMRT\db.php(18): PDO->__construct()
#1 C:\OSPanel\domains\TMRT\auth.php(4): include_once('C:\\OSPanel\\doma...')
#2 {main}\n24.09.2023 19:18:43\nFile: C:\OSPanel\domains\TMRT\db.php\nLine: 18\nError Code: 2002\nError: SQLSTATE[HY000] [2002] Подключение не установлено, т.к. конечный компьютер отверг запрос на подключение\nTrace: #0 C:\OSPanel\domains\TMRT\db.php(18): PDO->__construct()
#1 C:\OSPanel\domains\TMRT\login.php(10): include_once('C:\\OSPanel\\doma...')
#2 {main}\n24.09.2023 19:18:58\nFile: C:\OSPanel\domains\TMRT\db.php\nLine: 18\nError Code: 2002\nError: SQLSTATE[HY000] [2002] Подключение не установлено, т.к. конечный компьютер отверг запрос на подключение\nTrace: #0 C:\OSPanel\domains\TMRT\db.php(18): PDO->__construct()
#1 C:\OSPanel\domains\TMRT\login.php(10): include_once('C:\\OSPanel\\doma...')
#2 {main}\n24.09.2023 19:20:58\nFile: C:\OSPanel\domains\TMRT\db.php\nLine: 18\nError Code: 2002\nError: SQLSTATE[HY000] [2002] Подключение не установлено, т.к. конечный компьютер отверг запрос на подключение\nTrace: #0 C:\OSPanel\domains\TMRT\db.php(18): PDO->__construct()
#1 C:\OSPanel\domains\TMRT\login.php(10): include_once('C:\\OSPanel\\doma...')
#2 {main}\n24.09.2023 19:21:16\nFile: C:\OSPanel\domains\TMRT\db.php\nLine: 18\nError Code: 2002\nError: SQLSTATE[HY000] [2002] Подключение не установлено, т.к. конечный компьютер отверг запрос на подключение\nTrace: #0 C:\OSPanel\domains\TMRT\db.php(18): PDO->__construct()
#1 C:\OSPanel\domains\TMRT\auth.php(4): include_once('C:\\OSPanel\\doma...')
#2 {main}\n